{"/Users/jinmatt/Workspace/projects/zaptunnel/src/fileServer.ts": {"path":"/Users/jinmatt/Workspace/projects/zaptunnel/src/fileServer.ts","statementMap":{"0":{"start":{"line":17,"column":2},"end":{"line":17,"column":null}},"1":{"start":{"line":18,"column":2},"end":{"line":18,"column":null}},"2":{"start":{"line":19,"column":2},"end":{"line":19,"column":null}},"3":{"start":{"line":20,"column":2},"end":{"line":20,"column":null}},"4":{"start":{"line":23,"column":25},"end":{"line":23,"column":null}},"5":{"start":{"line":24,"column":26},"end":{"line":24,"column":null}},"6":{"start":{"line":27,"column":4},"end":{"line":27,"column":null}},"7":{"start":{"line":28,"column":10},"end":{"line":28,"column":null}},"8":{"start":{"line":30,"column":4},"end":{"line":33,"column":null}},"9":{"start":{"line":31,"column":6},"end":{"line":31,"column":null}},"10":{"start":{"line":32,"column":6},"end":{"line":32,"column":null}},"11":{"start":{"line":35,"column":21},"end":{"line":35,"column":null}},"12":{"start":{"line":36,"column":10},"end":{"line":36,"column":null}},"13":{"start":{"line":38,"column":4},"end":{"line":38,"column":null}},"14":{"start":{"line":41,"column":10},"end":{"line":41,"column":null}},"15":{"start":{"line":42,"column":4},"end":{"line":105,"column":null}},"16":{"start":{"line":43,"column":6},"end":{"line":47,"column":null}},"17":{"start":{"line":49,"column":19},"end":{"line":49,"column":null}},"18":{"start":{"line":50,"column":6},"end":{"line":50,"column":null}},"19":{"start":{"line":53,"column":6},"end":{"line":53,"column":null}},"20":{"start":{"line":56,"column":12},"end":{"line":56,"column":null}},"21":{"start":{"line":57,"column":6},"end":{"line":57,"column":null}},"22":{"start":{"line":59,"column":24},"end":{"line":59,"column":null}},"23":{"start":{"line":60,"column":6},"end":{"line":60,"column":null}},"24":{"start":{"line":63,"column":6},"end":{"line":63,"column":null}},"25":{"start":{"line":64,"column":6},"end":{"line":64,"column":null}},"26":{"start":{"line":65,"column":6},"end":{"line":65,"column":null}},"27":{"start":{"line":66,"column":6},"end":{"line":66,"column":null}},"28":{"start":{"line":67,"column":6},"end":{"line":67,"column":null}},"29":{"start":{"line":70,"column":6},"end":{"line":70,"column":null}},"30":{"start":{"line":71,"column":6},"end":{"line":82,"column":null}},"31":{"start":{"line":73,"column":8},"end":{"line":79,"column":null}},"32":{"start":{"line":75,"column":24},"end":{"line":75,"column":null}},"33":{"start":{"line":76,"column":25},"end":{"line":76,"column":null}},"34":{"start":{"line":77,"column":35},"end":{"line":77,"column":null}},"35":{"start":{"line":77,"column":53},"end":{"line":77,"column":66}},"36":{"start":{"line":78,"column":10},"end":{"line":78,"column":null}},"37":{"start":{"line":81,"column":8},"end":{"line":81,"column":null}},"38":{"start":{"line":84,"column":6},"end":{"line":90,"column":null}},"39":{"start":{"line":91,"column":6},"end":{"line":91,"column":null}},"40":{"start":{"line":92,"column":6},"end":{"line":92,"column":null}},"41":{"start":{"line":93,"column":6},"end":{"line":93,"column":null}},"42":{"start":{"line":96,"column":6},"end":{"line":96,"column":null}},"43":{"start":{"line":99,"column":6},"end":{"line":99,"column":null}},"44":{"start":{"line":101,"column":6},"end":{"line":101,"column":null}},"45":{"start":{"line":102,"column":6},"end":{"line":102,"column":null}},"46":{"start":{"line":103,"column":6},"end":{"line":103,"column":null}},"47":{"start":{"line":104,"column":6},"end":{"line":104,"column":null}},"48":{"start":{"line":109,"column":4},"end":{"line":109,"column":null}},"49":{"start":{"line":109,"column":22},"end":{"line":109,"column":null}},"50":{"start":{"line":111,"column":4},"end":{"line":125,"column":null}},"51":{"start":{"line":112,"column":6},"end":{"line":112,"column":null}},"52":{"start":{"line":113,"column":6},"end":{"line":113,"column":null}},"53":{"start":{"line":116,"column":6},"end":{"line":124,"column":null}},"54":{"start":{"line":127,"column":4},"end":{"line":148,"column":null}},"55":{"start":{"line":128,"column":6},"end":{"line":142,"column":null}},"56":{"start":{"line":129,"column":8},"end":{"line":137,"column":null}},"57":{"start":{"line":138,"column":8},"end":{"line":141,"column":null}},"58":{"start":{"line":144,"column":6},"end":{"line":147,"column":null}},"59":{"start":{"line":150,"column":4},"end":{"line":168,"column":null}},"60":{"start":{"line":151,"column":6},"end":{"line":154,"column":null}},"61":{"start":{"line":152,"column":8},"end":{"line":152,"column":null}},"62":{"start":{"line":153,"column":8},"end":{"line":153,"column":null}},"63":{"start":{"line":156,"column":6},"end":{"line":156,"column":null}},"64":{"start":{"line":158,"column":6},"end":{"line":167,"column":null}},"65":{"start":{"line":159,"column":8},"end":{"line":159,"column":null}},"66":{"start":{"line":160,"column":8},"end":{"line":160,"column":null}},"67":{"start":{"line":161,"column":8},"end":{"line":161,"column":null}},"68":{"start":{"line":162,"column":8},"end":{"line":162,"column":null}},"69":{"start":{"line":164,"column":8},"end":{"line":164,"column":null}},"70":{"start":{"line":165,"column":8},"end":{"line":165,"column":null}},"71":{"start":{"line":166,"column":8},"end":{"line":166,"column":null}},"72":{"start":{"line":170,"column":4},"end":{"line":176,"column":null}},"73":{"start":{"line":171,"column":6},"end":{"line":174,"column":null}},"74":{"start":{"line":172,"column":8},"end":{"line":172,"column":null}},"75":{"start":{"line":173,"column":8},"end":{"line":173,"column":null}},"76":{"start":{"line":175,"column":6},"end":{"line":175,"column":null}},"77":{"start":{"line":180,"column":4},"end":{"line":185,"column":null}},"78":{"start":{"line":181,"column":6},"end":{"line":181,"column":null}},"79":{"start":{"line":182,"column":6},"end":{"line":182,"column":null}},"80":{"start":{"line":183,"column":6},"end":{"line":183,"column":null}},"81":{"start":{"line":184,"column":6},"end":{"line":184,"column":null}},"82":{"start":{"line":189,"column":20},"end":{"line":192,"column":null}},"83":{"start":{"line":190,"column":6},"end":{"line":190,"column":null}},"84":{"start":{"line":191,"column":6},"end":{"line":191,"column":null}},"85":{"start":{"line":194,"column":4},"end":{"line":194,"column":null}},"86":{"start":{"line":195,"column":4},"end":{"line":195,"column":null}},"87":{"start":{"line":199,"column":4},"end":{"line":201,"column":null}},"88":{"start":{"line":200,"column":6},"end":{"line":200,"column":null}},"89":{"start":{"line":203,"column":4},"end":{"line":206,"column":null}},"90":{"start":{"line":204,"column":6},"end":{"line":204,"column":null}},"91":{"start":{"line":205,"column":6},"end":{"line":205,"column":null}},"92":{"start":{"line":208,"column":4},"end":{"line":210,"column":null}},"93":{"start":{"line":209,"column":6},"end":{"line":209,"column":null}},"94":{"start":{"line":212,"column":4},"end":{"line":214,"column":null}},"95":{"start":{"line":213,"column":6},"end":{"line":213,"column":null}},"96":{"start":{"line":216,"column":4},"end":{"line":216,"column":null}}},"fnMap":{"0":{"name":"(anonymous_0)","decl":{"start":{"line":16,"column":7},"end":{"line":16,"column":13}},"loc":{"start":{"line":16,"column":7},"end":{"line":20,"column":null}},"line":16},"1":{"name":"(anonymous_1)","decl":{"start":{"line":22,"column":8},"end":{"line":22,"column":14}},"loc":{"start":{"line":22,"column":52},"end":{"line":106,"column":null}},"line":22},"2":{"name":"(anonymous_2)","decl":{"start":{"line":73,"column":52},"end":{"line":73,"column":53}},"loc":{"start":{"line":73,"column":70},"end":{"line":79,"column":9}},"line":73},"3":{"name":"(anonymous_3)","decl":{"start":{"line":77,"column":45},"end":{"line":77,"column":53}},"loc":{"start":{"line":77,"column":53},"end":{"line":77,"column":66}},"line":77},"4":{"name":"(anonymous_4)","decl":{"start":{"line":108,"column":10},"end":{"line":108,"column":31}},"loc":{"start":{"line":108,"column":59},"end":{"line":177,"column":null}},"line":108},"5":{"name":"(anonymous_5)","decl":{"start":{"line":111,"column":38},"end":{"line":111,"column":44}},"loc":{"start":{"line":111,"column":44},"end":{"line":125,"column":5}},"line":111},"6":{"name":"(anonymous_6)","decl":{"start":{"line":127,"column":39},"end":{"line":127,"column":40}},"loc":{"start":{"line":127,"column":54},"end":{"line":148,"column":5}},"line":127},"7":{"name":"(anonymous_7)","decl":{"start":{"line":150,"column":39},"end":{"line":150,"column":46}},"loc":{"start":{"line":150,"column":60},"end":{"line":168,"column":5}},"line":150},"8":{"name":"(anonymous_8)","decl":{"start":{"line":170,"column":36},"end":{"line":170,"column":43}},"loc":{"start":{"line":170,"column":60},"end":{"line":176,"column":5}},"line":170},"9":{"name":"(anonymous_9)","decl":{"start":{"line":179,"column":10},"end":{"line":179,"column":31}},"loc":{"start":{"line":179,"column":54},"end":{"line":186,"column":null}},"line":179},"10":{"name":"(anonymous_10)","decl":{"start":{"line":180,"column":38},"end":{"line":180,"column":50}},"loc":{"start":{"line":180,"column":50},"end":{"line":185,"column":7}},"line":180},"11":{"name":"(anonymous_11)","decl":{"start":{"line":188,"column":10},"end":{"line":188,"column":31}},"loc":{"start":{"line":188,"column":31},"end":{"line":196,"column":null}},"line":188},"12":{"name":"(anonymous_12)","decl":{"start":{"line":189,"column":20},"end":{"line":189,"column":32}},"loc":{"start":{"line":189,"column":32},"end":{"line":192,"column":null}},"line":189},"13":{"name":"(anonymous_13)","decl":{"start":{"line":198,"column":16},"end":{"line":198,"column":41}},"loc":{"start":{"line":198,"column":41},"end":{"line":217,"column":null}},"line":198}},"branchMap":{"0":{"loc":{"start":{"line":23,"column":25},"end":{"line":23,"column":null}},"type":"binary-expr","locations":[{"start":{"line":23,"column":25},"end":{"line":23,"column":49}},{"start":{"line":23,"column":49},"end":{"line":23,"column":null}}],"line":23},"1":{"loc":{"start":{"line":24,"column":26},"end":{"line":24,"column":null}},"type":"binary-expr","locations":[{"start":{"line":24,"column":26},"end":{"line":24,"column":44}},{"start":{"line":24,"column":44},"end":{"line":24,"column":null}}],"line":24},"2":{"loc":{"start":{"line":30,"column":4},"end":{"line":33,"column":null}},"type":"if","locations":[{"start":{"line":30,"column":4},"end":{"line":33,"column":null}},{"start":{},"end":{}}],"line":30},"3":{"loc":{"start":{"line":87,"column":12},"end":{"line":87,"column":null}},"type":"cond-expr","locations":[{"start":{"line":87,"column":31},"end":{"line":87,"column":57}},{"start":{"line":87,"column":57},"end":{"line":87,"column":null}}],"line":87},"4":{"loc":{"start":{"line":109,"column":4},"end":{"line":109,"column":null}},"type":"if","locations":[{"start":{"line":109,"column":4},"end":{"line":109,"column":null}},{"start":{},"end":{}}],"line":109},"5":{"loc":{"start":{"line":128,"column":6},"end":{"line":142,"column":null}},"type":"if","locations":[{"start":{"line":128,"column":6},"end":{"line":142,"column":null}},{"start":{},"end":{}}],"line":128},"6":{"loc":{"start":{"line":151,"column":6},"end":{"line":154,"column":null}},"type":"if","locations":[{"start":{"line":151,"column":6},"end":{"line":154,"column":null}},{"start":{},"end":{}}],"line":151},"7":{"loc":{"start":{"line":158,"column":6},"end":{"line":167,"column":null}},"type":"if","locations":[{"start":{"line":158,"column":6},"end":{"line":167,"column":null}},{"start":{"line":163,"column":13},"end":{"line":167,"column":null}}],"line":158},"8":{"loc":{"start":{"line":171,"column":6},"end":{"line":174,"column":null}},"type":"if","locations":[{"start":{"line":171,"column":6},"end":{"line":174,"column":null}},{"start":{},"end":{}}],"line":171},"9":{"loc":{"start":{"line":199,"column":4},"end":{"line":201,"column":null}},"type":"if","locations":[{"start":{"line":199,"column":4},"end":{"line":201,"column":null}},{"start":{},"end":{}}],"line":199},"10":{"loc":{"start":{"line":203,"column":4},"end":{"line":206,"column":null}},"type":"if","locations":[{"start":{"line":203,"column":4},"end":{"line":206,"column":null}},{"start":{},"end":{}}],"line":203},"11":{"loc":{"start":{"line":208,"column":4},"end":{"line":210,"column":null}},"type":"if","locations":[{"start":{"line":208,"column":4},"end":{"line":210,"column":null}},{"start":{},"end":{}}],"line":208},"12":{"loc":{"start":{"line":212,"column":4},"end":{"line":214,"column":null}},"type":"if","locations":[{"start":{"line":212,"column":4},"end":{"line":214,"column":null}},{"start":{},"end":{}}],"line":212}},"s":{"0":2,"1":2,"2":2,"3":2,"4":2,"5":2,"6":2,"7":2,"8":2,"9":2,"10":2,"11":0,"12":0,"13":0,"14":0,"15":0,"16":0,"17":0,"18":0,"19":0,"20":0,"21":0,"22":0,"23":0,"24":0,"25":0,"26":0,"27":0,"28":0,"29":0,"30":0,"31":0,"32":0,"33":0,"34":0,"35":0,"36":0,"37":0,"38":0,"39":2,"40":2,"41":2,"42":2,"43":2,"44":0,"45":0,"46":0,"47":0,"48":0,"49":0,"50":0,"51":0,"52":0,"53":0,"54":0,"55":0,"56":0,"57":0,"58":0,"59":0,"60":0,"61":0,"62":0,"63":0,"64":0,"65":0,"66":0,"67":0,"68":0,"69":0,"70":0,"71":0,"72":0,"73":0,"74":0,"75":0,"76":0,"77":0,"78":0,"79":0,"80":0,"81":0,"82":0,"83":0,"84":0,"85":0,"86":0,"87":0,"88":0,"89":0,"90":0,"91":0,"92":0,"93":0,"94":0,"95":0,"96":0},"f":{"0":2,"1":2,"2":0,"3":0,"4":0,"5":0,"6":0,"7":0,"8":0,"9":0,"10":0,"11":0,"12":0,"13":0},"b":{"0":[2,0],"1":[2,0],"2":[2,0],"3":[0,0],"4":[0,0],"5":[0,0],"6":[0,0],"7":[0,0],"8":[0,0],"9":[0,0],"10":[0,0],"11":[0,0],"12":[0,0]},"meta":{"lastBranch":13,"lastFunction":14,"lastStatement":97,"seen":{"f:16:7:16:13":0,"s:17:2:17:Infinity":0,"s:18:2:18:Infinity":1,"s:19:2:19:Infinity":2,"s:20:2:20:Infinity":3,"f:22:8:22:14":1,"s:23:25:23:Infinity":4,"b:23:25:23:49:23:49:23:Infinity":0,"s:24:26:24:Infinity":5,"b:24:26:24:44:24:44:24:Infinity":1,"s:27:4:27:Infinity":6,"s:28:10:28:Infinity":7,"b:30:4:33:Infinity:undefined:undefined:undefined:undefined":2,"s:30:4:33:Infinity":8,"s:31:6:31:Infinity":9,"s:32:6:32:Infinity":10,"s:35:21:35:Infinity":11,"s:36:10:36:Infinity":12,"s:38:4:38:Infinity":13,"s:41:10:41:Infinity":14,"s:42:4:105:Infinity":15,"s:43:6:47:Infinity":16,"s:49:19:49:Infinity":17,"s:50:6:50:Infinity":18,"s:53:6:53:Infinity":19,"s:56:12:56:Infinity":20,"s:57:6:57:Infinity":21,"s:59:24:59:Infinity":22,"s:60:6:60:Infinity":23,"s:63:6:63:Infinity":24,"s:64:6:64:Infinity":25,"s:65:6:65:Infinity":26,"s:66:6:66:Infinity":27,"s:67:6:67:Infinity":28,"s:70:6:70:Infinity":29,"s:71:6:82:Infinity":30,"s:73:8:79:Infinity":31,"f:73:52:73:53":2,"s:75:24:75:Infinity":32,"s:76:25:76:Infinity":33,"s:77:35:77:Infinity":34,"f:77:45:77:53":3,"s:77:53:77:66":35,"s:78:10:78:Infinity":36,"s:81:8:81:Infinity":37,"s:84:6:90:Infinity":38,"b:87:31:87:57:87:57:87:Infinity":3,"s:91:6:91:Infinity":39,"s:92:6:92:Infinity":40,"s:93:6:93:Infinity":41,"s:96:6:96:Infinity":42,"s:99:6:99:Infinity":43,"s:101:6:101:Infinity":44,"s:102:6:102:Infinity":45,"s:103:6:103:Infinity":46,"s:104:6:104:Infinity":47,"f:108:10:108:31":4,"b:109:4:109:Infinity:undefined:undefined:undefined:undefined":4,"s:109:4:109:Infinity":48,"s:109:22:109:Infinity":49,"s:111:4:125:Infinity":50,"f:111:38:111:44":5,"s:112:6:112:Infinity":51,"s:113:6:113:Infinity":52,"s:116:6:124:Infinity":53,"s:127:4:148:Infinity":54,"f:127:39:127:40":6,"b:128:6:142:Infinity:undefined:undefined:undefined:undefined":5,"s:128:6:142:Infinity":55,"s:129:8:137:Infinity":56,"s:138:8:141:Infinity":57,"s:144:6:147:Infinity":58,"s:150:4:168:Infinity":59,"f:150:39:150:46":7,"b:151:6:154:Infinity:undefined:undefined:undefined:undefined":6,"s:151:6:154:Infinity":60,"s:152:8:152:Infinity":61,"s:153:8:153:Infinity":62,"s:156:6:156:Infinity":63,"b:158:6:167:Infinity:163:13:167:Infinity":7,"s:158:6:167:Infinity":64,"s:159:8:159:Infinity":65,"s:160:8:160:Infinity":66,"s:161:8:161:Infinity":67,"s:162:8:162:Infinity":68,"s:164:8:164:Infinity":69,"s:165:8:165:Infinity":70,"s:166:8:166:Infinity":71,"s:170:4:176:Infinity":72,"f:170:36:170:43":8,"b:171:6:174:Infinity:undefined:undefined:undefined:undefined":8,"s:171:6:174:Infinity":73,"s:172:8:172:Infinity":74,"s:173:8:173:Infinity":75,"s:175:6:175:Infinity":76,"f:179:10:179:31":9,"s:180:4:185:Infinity":77,"f:180:38:180:50":10,"s:181:6:181:Infinity":78,"s:182:6:182:Infinity":79,"s:183:6:183:Infinity":80,"s:184:6:184:Infinity":81,"f:188:10:188:31":11,"s:189:20:192:Infinity":82,"f:189:20:189:32":12,"s:190:6:190:Infinity":83,"s:191:6:191:Infinity":84,"s:194:4:194:Infinity":85,"s:195:4:195:Infinity":86,"f:198:16:198:41":13,"b:199:4:201:Infinity:undefined:undefined:undefined:undefined":9,"s:199:4:201:Infinity":87,"s:200:6:200:Infinity":88,"b:203:4:206:Infinity:undefined:undefined:undefined:undefined":10,"s:203:4:206:Infinity":89,"s:204:6:204:Infinity":90,"s:205:6:205:Infinity":91,"b:208:4:210:Infinity:undefined:undefined:undefined:undefined":11,"s:208:4:210:Infinity":92,"s:209:6:209:Infinity":93,"b:212:4:214:Infinity:undefined:undefined:undefined:undefined":12,"s:212:4:214:Infinity":94,"s:213:6:213:Infinity":95,"s:216:4:216:Infinity":96}}}
,"/Users/jinmatt/Workspace/projects/zaptunnel/src/server.ts": {"path":"/Users/jinmatt/Workspace/projects/zaptunnel/src/server.ts","statementMap":{"0":{"start":{"line":23,"column":4},"end":{"line":23,"column":null}},"1":{"start":{"line":20,"column":2},"end":{"line":20,"column":null}},"2":{"start":{"line":24,"column":4},"end":{"line":24,"column":null}},"3":{"start":{"line":25,"column":4},"end":{"line":25,"column":null}},"4":{"start":{"line":26,"column":4},"end":{"line":26,"column":null}},"5":{"start":{"line":28,"column":4},"end":{"line":30,"column":null}},"6":{"start":{"line":29,"column":6},"end":{"line":29,"column":null}},"7":{"start":{"line":32,"column":4},"end":{"line":32,"column":null}},"8":{"start":{"line":37,"column":4},"end":{"line":55,"column":null}},"9":{"start":{"line":38,"column":6},"end":{"line":54,"column":null}},"10":{"start":{"line":39,"column":29},"end":{"line":39,"column":null}},"11":{"start":{"line":40,"column":19},"end":{"line":40,"column":null}},"12":{"start":{"line":42,"column":14},"end":{"line":42,"column":null}},"13":{"start":{"line":45,"column":8},"end":{"line":45,"column":null}},"14":{"start":{"line":46,"column":8},"end":{"line":46,"column":null}},"15":{"start":{"line":47,"column":8},"end":{"line":47,"column":null}},"16":{"start":{"line":48,"column":8},"end":{"line":48,"column":null}},"17":{"start":{"line":49,"column":8},"end":{"line":49,"column":null}},"18":{"start":{"line":51,"column":8},"end":{"line":51,"column":null}},"19":{"start":{"line":53,"column":8},"end":{"line":53,"column":null}},"20":{"start":{"line":58,"column":4},"end":{"line":125,"column":null}},"21":{"start":{"line":59,"column":6},"end":{"line":124,"column":null}},"22":{"start":{"line":61,"column":8},"end":{"line":74,"column":null}},"23":{"start":{"line":62,"column":27},"end":{"line":62,"column":null}},"24":{"start":{"line":64,"column":10},"end":{"line":67,"column":null}},"25":{"start":{"line":65,"column":12},"end":{"line":65,"column":null}},"26":{"start":{"line":66,"column":12},"end":{"line":66,"column":null}},"27":{"start":{"line":69,"column":26},"end":{"line":69,"column":null}},"28":{"start":{"line":70,"column":10},"end":{"line":73,"column":null}},"29":{"start":{"line":71,"column":12},"end":{"line":71,"column":null}},"30":{"start":{"line":72,"column":12},"end":{"line":72,"column":null}},"31":{"start":{"line":76,"column":14},"end":{"line":76,"column":null}},"32":{"start":{"line":77,"column":27},"end":{"line":77,"column":null}},"33":{"start":{"line":80,"column":8},"end":{"line":80,"column":null}},"34":{"start":{"line":81,"column":8},"end":{"line":81,"column":null}},"35":{"start":{"line":82,"column":8},"end":{"line":82,"column":null}},"36":{"start":{"line":84,"column":30},"end":{"line":84,"column":null}},"37":{"start":{"line":87,"column":8},"end":{"line":87,"column":null}},"38":{"start":{"line":90,"column":8},"end":{"line":98,"column":null}},"39":{"start":{"line":91,"column":10},"end":{"line":91,"column":null}},"40":{"start":{"line":92,"column":28},"end":{"line":92,"column":null}},"41":{"start":{"line":93,"column":10},"end":{"line":97,"column":null}},"42":{"start":{"line":101,"column":8},"end":{"line":108,"column":null}},"43":{"start":{"line":102,"column":10},"end":{"line":102,"column":null}},"44":{"start":{"line":103,"column":10},"end":{"line":107,"column":null}},"45":{"start":{"line":111,"column":8},"end":{"line":116,"column":null}},"46":{"start":{"line":112,"column":10},"end":{"line":112,"column":null}},"47":{"start":{"line":113,"column":10},"end":{"line":115,"column":null}},"48":{"start":{"line":114,"column":12},"end":{"line":114,"column":null}},"49":{"start":{"line":119,"column":8},"end":{"line":119,"column":null}},"50":{"start":{"line":121,"column":8},"end":{"line":123,"column":null}},"51":{"start":{"line":122,"column":10},"end":{"line":122,"column":null}},"52":{"start":{"line":132,"column":4},"end":{"line":152,"column":null}},"53":{"start":{"line":133,"column":6},"end":{"line":151,"column":null}},"54":{"start":{"line":134,"column":8},"end":{"line":136,"column":null}},"55":{"start":{"line":135,"column":10},"end":{"line":135,"column":null}},"56":{"start":{"line":138,"column":8},"end":{"line":148,"column":null}},"57":{"start":{"line":139,"column":10},"end":{"line":147,"column":null}},"58":{"start":{"line":141,"column":12},"end":{"line":141,"column":null}},"59":{"start":{"line":142,"column":12},"end":{"line":144,"column":null}},"60":{"start":{"line":143,"column":14},"end":{"line":143,"column":null}},"61":{"start":{"line":146,"column":12},"end":{"line":146,"column":null}},"62":{"start":{"line":150,"column":8},"end":{"line":150,"column":null}},"63":{"start":{"line":159,"column":4},"end":{"line":167,"column":null}},"64":{"start":{"line":160,"column":6},"end":{"line":166,"column":null}},"65":{"start":{"line":161,"column":8},"end":{"line":163,"column":null}},"66":{"start":{"line":162,"column":10},"end":{"line":162,"column":null}},"67":{"start":{"line":165,"column":8},"end":{"line":165,"column":null}},"68":{"start":{"line":174,"column":4},"end":{"line":174,"column":null}}},"fnMap":{"0":{"name":"(anonymous_0)","decl":{"start":{"line":22,"column":2},"end":{"line":22,"column":14}},"loc":{"start":{"line":22,"column":38},"end":{"line":33,"column":null}},"line":22},"1":{"name":"(anonymous_1)","decl":{"start":{"line":35,"column":10},"end":{"line":35,"column":30}},"loc":{"start":{"line":35,"column":30},"end":{"line":126,"column":null}},"line":35},"2":{"name":"(anonymous_2)","decl":{"start":{"line":37,"column":22},"end":{"line":37,"column":23}},"loc":{"start":{"line":37,"column":55},"end":{"line":55,"column":5}},"line":37},"3":{"name":"(anonymous_3)","decl":{"start":{"line":58,"column":30},"end":{"line":58,"column":37}},"loc":{"start":{"line":58,"column":69},"end":{"line":125,"column":5}},"line":58},"4":{"name":"(anonymous_4)","decl":{"start":{"line":90,"column":30},"end":{"line":90,"column":31}},"loc":{"start":{"line":90,"column":58},"end":{"line":98,"column":9}},"line":90},"5":{"name":"(anonymous_5)","decl":{"start":{"line":101,"column":29},"end":{"line":101,"column":35}},"loc":{"start":{"line":101,"column":35},"end":{"line":108,"column":9}},"line":101},"6":{"name":"(anonymous_6)","decl":{"start":{"line":111,"column":31},"end":{"line":111,"column":32}},"loc":{"start":{"line":111,"column":49},"end":{"line":116,"column":9}},"line":111},"7":{"name":"(anonymous_7)","decl":{"start":{"line":131,"column":8},"end":{"line":131,"column":33}},"loc":{"start":{"line":131,"column":33},"end":{"line":153,"column":null}},"line":131},"8":{"name":"(anonymous_8)","decl":{"start":{"line":132,"column":23},"end":{"line":132,"column":24}},"loc":{"start":{"line":132,"column":44},"end":{"line":152,"column":5}},"line":132},"9":{"name":"(anonymous_9)","decl":{"start":{"line":134,"column":49},"end":{"line":134,"column":55}},"loc":{"start":{"line":134,"column":55},"end":{"line":136,"column":9}},"line":134},"10":{"name":"(anonymous_10)","decl":{"start":{"line":138,"column":32},"end":{"line":138,"column":33}},"loc":{"start":{"line":138,"column":66},"end":{"line":148,"column":9}},"line":138},"11":{"name":"(anonymous_11)","decl":{"start":{"line":142,"column":53},"end":{"line":142,"column":59}},"loc":{"start":{"line":142,"column":59},"end":{"line":144,"column":13}},"line":142},"12":{"name":"(anonymous_12)","decl":{"start":{"line":158,"column":2},"end":{"line":158,"column":24}},"loc":{"start":{"line":158,"column":24},"end":{"line":168,"column":null}},"line":158},"13":{"name":"(anonymous_13)","decl":{"start":{"line":159,"column":23},"end":{"line":159,"column":24}},"loc":{"start":{"line":159,"column":36},"end":{"line":167,"column":5}},"line":159},"14":{"name":"(anonymous_14)","decl":{"start":{"line":161,"column":26},"end":{"line":161,"column":32}},"loc":{"start":{"line":161,"column":32},"end":{"line":163,"column":9}},"line":161},"15":{"name":"(anonymous_15)","decl":{"start":{"line":173,"column":2},"end":{"line":173,"column":29}},"loc":{"start":{"line":173,"column":29},"end":{"line":175,"column":null}},"line":173}},"branchMap":{"0":{"loc":{"start":{"line":26,"column":16},"end":{"line":26,"column":null}},"type":"binary-expr","locations":[{"start":{"line":26,"column":16},"end":{"line":26,"column":32}},{"start":{"line":26,"column":32},"end":{"line":26,"column":null}}],"line":26},"1":{"loc":{"start":{"line":28,"column":4},"end":{"line":30,"column":null}},"type":"if","locations":[{"start":{"line":28,"column":4},"end":{"line":30,"column":null}},{"start":{},"end":{}}],"line":28},"2":{"loc":{"start":{"line":47,"column":59},"end":{"line":47,"column":95}},"type":"cond-expr","locations":[{"start":{"line":47,"column":79},"end":{"line":47,"column":88}},{"start":{"line":47,"column":88},"end":{"line":47,"column":95}}],"line":47},"3":{"loc":{"start":{"line":48,"column":63},"end":{"line":48,"column":94}},"type":"cond-expr","locations":[{"start":{"line":48,"column":83},"end":{"line":48,"column":88}},{"start":{"line":48,"column":88},"end":{"line":48,"column":94}}],"line":48},"4":{"loc":{"start":{"line":49,"column":45},"end":{"line":49,"column":75}},"type":"cond-expr","locations":[{"start":{"line":49,"column":65},"end":{"line":49,"column":70}},{"start":{"line":49,"column":70},"end":{"line":49,"column":75}}],"line":49},"5":{"loc":{"start":{"line":61,"column":8},"end":{"line":74,"column":null}},"type":"if","locations":[{"start":{"line":61,"column":8},"end":{"line":74,"column":null}},{"start":{},"end":{}}],"line":61},"6":{"loc":{"start":{"line":64,"column":10},"end":{"line":67,"column":null}},"type":"if","locations":[{"start":{"line":64,"column":10},"end":{"line":67,"column":null}},{"start":{},"end":{}}],"line":64},"7":{"loc":{"start":{"line":70,"column":10},"end":{"line":73,"column":null}},"type":"if","locations":[{"start":{"line":70,"column":10},"end":{"line":73,"column":null}},{"start":{},"end":{}}],"line":70},"8":{"loc":{"start":{"line":91,"column":29},"end":{"line":91,"column":null}},"type":"cond-expr","locations":[{"start":{"line":91,"column":54},"end":{"line":91,"column":69}},{"start":{"line":91,"column":69},"end":{"line":91,"column":null}}],"line":91},"9":{"loc":{"start":{"line":113,"column":10},"end":{"line":115,"column":null}},"type":"if","locations":[{"start":{"line":113,"column":10},"end":{"line":115,"column":null}},{"start":{},"end":{}}],"line":113},"10":{"loc":{"start":{"line":121,"column":8},"end":{"line":123,"column":null}},"type":"if","locations":[{"start":{"line":121,"column":8},"end":{"line":123,"column":null}},{"start":{},"end":{}}],"line":121},"11":{"loc":{"start":{"line":139,"column":10},"end":{"line":147,"column":null}},"type":"if","locations":[{"start":{"line":139,"column":10},"end":{"line":147,"column":null}},{"start":{"line":145,"column":17},"end":{"line":147,"column":null}}],"line":139},"12":{"loc":{"start":{"line":160,"column":6},"end":{"line":166,"column":null}},"type":"if","locations":[{"start":{"line":160,"column":6},"end":{"line":166,"column":null}},{"start":{"line":164,"column":13},"end":{"line":166,"column":null}}],"line":160}},"s":{"0":49,"1":49,"2":49,"3":49,"4":49,"5":49,"6":11,"7":49,"8":49,"9":9,"10":9,"11":9,"12":9,"13":9,"14":9,"15":9,"16":9,"17":9,"18":9,"19":1,"20":49,"21":27,"22":27,"23":8,"24":8,"25":3,"26":3,"27":5,"28":5,"29":2,"30":2,"31":22,"32":22,"33":22,"34":22,"35":22,"36":22,"37":22,"38":22,"39":180,"40":180,"41":180,"42":22,"43":22,"44":22,"45":22,"46":0,"47":0,"48":0,"49":22,"50":0,"51":0,"52":45,"53":45,"54":45,"55":44,"56":45,"57":1,"58":1,"59":1,"60":1,"61":0,"62":0,"63":51,"64":51,"65":46,"66":46,"67":5,"68":7},"f":{"0":49,"1":49,"2":9,"3":27,"4":180,"5":22,"6":0,"7":45,"8":45,"9":44,"10":1,"11":1,"12":51,"13":51,"14":46,"15":7},"b":{"0":[49,3],"1":[11,38],"2":[2,6],"3":[2,6],"4":[2,6],"5":[8,19],"6":[3,5],"7":[2,3],"8":[180,0],"9":[0,0],"10":[0,0],"11":[1,0],"12":[46,5]},"meta":{"lastBranch":13,"lastFunction":16,"lastStatement":69,"seen":{"f:22:2:22:14":0,"s:23:4:23:Infinity":0,"s:20:2:20:Infinity":1,"s:24:4:24:Infinity":2,"s:25:4:25:Infinity":3,"s:26:4:26:Infinity":4,"b:26:16:26:32:26:32:26:Infinity":0,"b:28:4:30:Infinity:undefined:undefined:undefined:undefined":1,"s:28:4:30:Infinity":5,"s:29:6:29:Infinity":6,"s:32:4:32:Infinity":7,"f:35:10:35:30":1,"s:37:4:55:Infinity":8,"f:37:22:37:23":2,"s:38:6:54:Infinity":9,"s:39:29:39:Infinity":10,"s:40:19:40:Infinity":11,"s:42:14:42:Infinity":12,"s:45:8:45:Infinity":13,"s:46:8:46:Infinity":14,"s:47:8:47:Infinity":15,"b:47:79:47:88:47:88:47:95":2,"s:48:8:48:Infinity":16,"b:48:83:48:88:48:88:48:94":3,"s:49:8:49:Infinity":17,"b:49:65:49:70:49:70:49:75":4,"s:51:8:51:Infinity":18,"s:53:8:53:Infinity":19,"s:58:4:125:Infinity":20,"f:58:30:58:37":3,"s:59:6:124:Infinity":21,"b:61:8:74:Infinity:undefined:undefined:undefined:undefined":5,"s:61:8:74:Infinity":22,"s:62:27:62:Infinity":23,"b:64:10:67:Infinity:undefined:undefined:undefined:undefined":6,"s:64:10:67:Infinity":24,"s:65:12:65:Infinity":25,"s:66:12:66:Infinity":26,"s:69:26:69:Infinity":27,"b:70:10:73:Infinity:undefined:undefined:undefined:undefined":7,"s:70:10:73:Infinity":28,"s:71:12:71:Infinity":29,"s:72:12:72:Infinity":30,"s:76:14:76:Infinity":31,"s:77:27:77:Infinity":32,"s:80:8:80:Infinity":33,"s:81:8:81:Infinity":34,"s:82:8:82:Infinity":35,"s:84:30:84:Infinity":36,"s:87:8:87:Infinity":37,"s:90:8:98:Infinity":38,"f:90:30:90:31":4,"s:91:10:91:Infinity":39,"b:91:54:91:69:91:69:91:Infinity":8,"s:92:28:92:Infinity":40,"s:93:10:97:Infinity":41,"s:101:8:108:Infinity":42,"f:101:29:101:35":5,"s:102:10:102:Infinity":43,"s:103:10:107:Infinity":44,"s:111:8:116:Infinity":45,"f:111:31:111:32":6,"s:112:10:112:Infinity":46,"b:113:10:115:Infinity:undefined:undefined:undefined:undefined":9,"s:113:10:115:Infinity":47,"s:114:12:114:Infinity":48,"s:119:8:119:Infinity":49,"b:121:8:123:Infinity:undefined:undefined:undefined:undefined":10,"s:121:8:123:Infinity":50,"s:122:10:122:Infinity":51,"f:131:8:131:33":7,"s:132:4:152:Infinity":52,"f:132:23:132:24":8,"s:133:6:151:Infinity":53,"s:134:8:136:Infinity":54,"f:134:49:134:55":9,"s:135:10:135:Infinity":55,"s:138:8:148:Infinity":56,"f:138:32:138:33":10,"b:139:10:147:Infinity:145:17:147:Infinity":11,"s:139:10:147:Infinity":57,"s:141:12:141:Infinity":58,"s:142:12:144:Infinity":59,"f:142:53:142:59":11,"s:143:14:143:Infinity":60,"s:146:12:146:Infinity":61,"s:150:8:150:Infinity":62,"f:158:2:158:24":12,"s:159:4:167:Infinity":63,"f:159:23:159:24":13,"b:160:6:166:Infinity:164:13:166:Infinity":12,"s:160:6:166:Infinity":64,"s:161:8:163:Infinity":65,"f:161:26:161:32":14,"s:162:10:162:Infinity":66,"s:165:8:165:Infinity":67,"f:173:2:173:29":15,"s:174:4:174:Infinity":68}}}
,"/Users/jinmatt/Workspace/projects/zaptunnel/src/tunnel.ts": {"path":"/Users/jinmatt/Workspace/projects/zaptunnel/src/tunnel.ts","statementMap":{"0":{"start":{"line":13,"column":4},"end":{"line":13,"column":null}},"1":{"start":{"line":12,"column":22},"end":{"line":12,"column":46}},"2":{"start":{"line":9,"column":2},"end":{"line":9,"column":null}},"3":{"start":{"line":10,"column":2},"end":{"line":10,"column":null}},"4":{"start":{"line":20,"column":4},"end":{"line":75,"column":null}},"5":{"start":{"line":21,"column":6},"end":{"line":74,"column":null}},"6":{"start":{"line":23,"column":8},"end":{"line":27,"column":null}},"7":{"start":{"line":29,"column":21},"end":{"line":29,"column":null}},"8":{"start":{"line":31,"column":28},"end":{"line":38,"column":null}},"9":{"start":{"line":33,"column":27},"end":{"line":33,"column":null}},"10":{"start":{"line":34,"column":10},"end":{"line":37,"column":null}},"11":{"start":{"line":35,"column":12},"end":{"line":35,"column":null}},"12":{"start":{"line":36,"column":12},"end":{"line":36,"column":null}},"13":{"start":{"line":41,"column":8},"end":{"line":43,"column":null}},"14":{"start":{"line":42,"column":10},"end":{"line":42,"column":null}},"15":{"start":{"line":46,"column":8},"end":{"line":50,"column":null}},"16":{"start":{"line":47,"column":25},"end":{"line":47,"column":null}},"17":{"start":{"line":48,"column":10},"end":{"line":48,"column":null}},"18":{"start":{"line":49,"column":10},"end":{"line":49,"column":null}},"19":{"start":{"line":53,"column":8},"end":{"line":55,"column":null}},"20":{"start":{"line":54,"column":10},"end":{"line":54,"column":null}},"21":{"start":{"line":58,"column":8},"end":{"line":63,"column":null}},"22":{"start":{"line":59,"column":10},"end":{"line":61,"column":null}},"23":{"start":{"line":60,"column":12},"end":{"line":60,"column":null}},"24":{"start":{"line":62,"column":10},"end":{"line":62,"column":null}},"25":{"start":{"line":66,"column":8},"end":{"line":71,"column":null}},"26":{"start":{"line":67,"column":10},"end":{"line":70,"column":null}},"27":{"start":{"line":68,"column":12},"end":{"line":68,"column":null}},"28":{"start":{"line":69,"column":12},"end":{"line":69,"column":null}},"29":{"start":{"line":73,"column":8},"end":{"line":73,"column":null}},"30":{"start":{"line":82,"column":4},"end":{"line":86,"column":null}},"31":{"start":{"line":83,"column":6},"end":{"line":83,"column":null}},"32":{"start":{"line":84,"column":6},"end":{"line":84,"column":null}},"33":{"start":{"line":85,"column":6},"end":{"line":85,"column":null}},"34":{"start":{"line":93,"column":4},"end":{"line":93,"column":null}},"35":{"start":{"line":100,"column":4},"end":{"line":100,"column":null}}},"fnMap":{"0":{"name":"(anonymous_0)","decl":{"start":{"line":12,"column":2},"end":{"line":12,"column":22}},"loc":{"start":{"line":12,"column":46},"end":{"line":14,"column":null}},"line":12},"1":{"name":"(anonymous_1)","decl":{"start":{"line":19,"column":8},"end":{"line":19,"column":33}},"loc":{"start":{"line":19,"column":33},"end":{"line":76,"column":null}},"line":19},"2":{"name":"(anonymous_2)","decl":{"start":{"line":20,"column":23},"end":{"line":20,"column":24}},"loc":{"start":{"line":20,"column":44},"end":{"line":75,"column":5}},"line":20},"3":{"name":"(anonymous_3)","decl":{"start":{"line":31,"column":28},"end":{"line":31,"column":29}},"loc":{"start":{"line":31,"column":48},"end":{"line":38,"column":null}},"line":31},"4":{"name":"(anonymous_4)","decl":{"start":{"line":41,"column":40},"end":{"line":41,"column":41}},"loc":{"start":{"line":41,"column":58},"end":{"line":43,"column":9}},"line":41},"5":{"name":"(anonymous_5)","decl":{"start":{"line":46,"column":40},"end":{"line":46,"column":41}},"loc":{"start":{"line":46,"column":58},"end":{"line":50,"column":9}},"line":46},"6":{"name":"(anonymous_6)","decl":{"start":{"line":53,"column":33},"end":{"line":53,"column":34}},"loc":{"start":{"line":53,"column":51},"end":{"line":55,"column":9}},"line":53},"7":{"name":"(anonymous_7)","decl":{"start":{"line":58,"column":32},"end":{"line":58,"column":33}},"loc":{"start":{"line":58,"column":57},"end":{"line":63,"column":9}},"line":58},"8":{"name":"(anonymous_8)","decl":{"start":{"line":66,"column":19},"end":{"line":66,"column":25}},"loc":{"start":{"line":66,"column":25},"end":{"line":71,"column":11}},"line":66},"9":{"name":"(anonymous_9)","decl":{"start":{"line":81,"column":2},"end":{"line":81,"column":15}},"loc":{"start":{"line":81,"column":15},"end":{"line":87,"column":null}},"line":81},"10":{"name":"(anonymous_10)","decl":{"start":{"line":92,"column":2},"end":{"line":92,"column":26}},"loc":{"start":{"line":92,"column":26},"end":{"line":94,"column":null}},"line":92},"11":{"name":"(anonymous_11)","decl":{"start":{"line":99,"column":2},"end":{"line":99,"column":23}},"loc":{"start":{"line":99,"column":23},"end":{"line":101,"column":null}},"line":99}},"branchMap":{"0":{"loc":{"start":{"line":34,"column":10},"end":{"line":37,"column":null}},"type":"if","locations":[{"start":{"line":34,"column":10},"end":{"line":37,"column":null}},{"start":{},"end":{}}],"line":34},"1":{"loc":{"start":{"line":34,"column":14},"end":{"line":34,"column":43}},"type":"binary-expr","locations":[{"start":{"line":34,"column":14},"end":{"line":34,"column":26}},{"start":{"line":34,"column":26},"end":{"line":34,"column":43}}],"line":34},"2":{"loc":{"start":{"line":59,"column":10},"end":{"line":61,"column":null}},"type":"if","locations":[{"start":{"line":59,"column":10},"end":{"line":61,"column":null}},{"start":{},"end":{}}],"line":59},"3":{"loc":{"start":{"line":59,"column":14},"end":{"line":59,"column":45}},"type":"binary-expr","locations":[{"start":{"line":59,"column":14},"end":{"line":59,"column":28}},{"start":{"line":59,"column":28},"end":{"line":59,"column":45}}],"line":59},"4":{"loc":{"start":{"line":60,"column":68},"end":{"line":60,"column":95}},"type":"cond-expr","locations":[{"start":{"line":60,"column":77},"end":{"line":60,"column":93}},{"start":{"line":60,"column":93},"end":{"line":60,"column":95}}],"line":60},"5":{"loc":{"start":{"line":67,"column":10},"end":{"line":70,"column":null}},"type":"if","locations":[{"start":{"line":67,"column":10},"end":{"line":70,"column":null}},{"start":{},"end":{}}],"line":67},"6":{"loc":{"start":{"line":82,"column":4},"end":{"line":86,"column":null}},"type":"if","locations":[{"start":{"line":82,"column":4},"end":{"line":86,"column":null}},{"start":{},"end":{}}],"line":82},"7":{"loc":{"start":{"line":100,"column":11},"end":{"line":100,"column":null}},"type":"binary-expr","locations":[{"start":{"line":100,"column":11},"end":{"line":100,"column":36}},{"start":{"line":100,"column":36},"end":{"line":100,"column":null}}],"line":100}},"s":{"0":6,"1":6,"2":6,"3":6,"4":0,"5":0,"6":0,"7":0,"8":0,"9":0,"10":0,"11":0,"12":0,"13":0,"14":0,"15":0,"16":0,"17":0,"18":0,"19":0,"20":0,"21":0,"22":0,"23":0,"24":0,"25":0,"26":0,"27":0,"28":0,"29":0,"30":7,"31":0,"32":0,"33":0,"34":2,"35":2},"f":{"0":6,"1":0,"2":0,"3":0,"4":0,"5":0,"6":0,"7":0,"8":0,"9":7,"10":2,"11":2},"b":{"0":[0,0],"1":[0,0],"2":[0,0],"3":[0,0],"4":[0,0],"5":[0,0],"6":[0,7],"7":[2,0]},"meta":{"lastBranch":8,"lastFunction":12,"lastStatement":36,"seen":{"f:12:2:12:22":0,"s:13:4:13:Infinity":0,"s:12:22:12:46":1,"s:9:2:9:Infinity":2,"s:10:2:10:Infinity":3,"f:19:8:19:33":1,"s:20:4:75:Infinity":4,"f:20:23:20:24":2,"s:21:6:74:Infinity":5,"s:23:8:27:Infinity":6,"s:29:21:29:Infinity":7,"s:31:28:38:Infinity":8,"f:31:28:31:29":3,"s:33:27:33:Infinity":9,"b:34:10:37:Infinity:undefined:undefined:undefined:undefined":0,"s:34:10:37:Infinity":10,"b:34:14:34:26:34:26:34:43":1,"s:35:12:35:Infinity":11,"s:36:12:36:Infinity":12,"s:41:8:43:Infinity":13,"f:41:40:41:41":4,"s:42:10:42:Infinity":14,"s:46:8:50:Infinity":15,"f:46:40:46:41":5,"s:47:25:47:Infinity":16,"s:48:10:48:Infinity":17,"s:49:10:49:Infinity":18,"s:53:8:55:Infinity":19,"f:53:33:53:34":6,"s:54:10:54:Infinity":20,"s:58:8:63:Infinity":21,"f:58:32:58:33":7,"b:59:10:61:Infinity:undefined:undefined:undefined:undefined":2,"s:59:10:61:Infinity":22,"b:59:14:59:28:59:28:59:45":3,"s:60:12:60:Infinity":23,"b:60:77:60:93:60:93:60:95":4,"s:62:10:62:Infinity":24,"s:66:8:71:Infinity":25,"f:66:19:66:25":8,"b:67:10:70:Infinity:undefined:undefined:undefined:undefined":5,"s:67:10:70:Infinity":26,"s:68:12:68:Infinity":27,"s:69:12:69:Infinity":28,"s:73:8:73:Infinity":29,"f:81:2:81:15":9,"b:82:4:86:Infinity:undefined:undefined:undefined:undefined":6,"s:82:4:86:Infinity":30,"s:83:6:83:Infinity":31,"s:84:6:84:Infinity":32,"s:85:6:85:Infinity":33,"f:92:2:92:26":10,"s:93:4:93:Infinity":34,"f:99:2:99:23":11,"s:100:4:100:Infinity":35,"b:100:11:100:36:100:36:100:Infinity":7}}}
,"/Users/jinmatt/Workspace/projects/zaptunnel/src/utils.ts": {"path":"/Users/jinmatt/Workspace/projects/zaptunnel/src/utils.ts","statementMap":{"0":{"start":{"line":8,"column":2},"end":{"line":27,"column":null}},"1":{"start":{"line":9,"column":25},"end":{"line":9,"column":null}},"2":{"start":{"line":11,"column":4},"end":{"line":13,"column":null}},"3":{"start":{"line":12,"column":6},"end":{"line":12,"column":null}},"4":{"start":{"line":15,"column":18},"end":{"line":15,"column":null}},"5":{"start":{"line":17,"column":4},"end":{"line":19,"column":null}},"6":{"start":{"line":18,"column":6},"end":{"line":18,"column":null}},"7":{"start":{"line":22,"column":4},"end":{"line":22,"column":null}},"8":{"start":{"line":24,"column":4},"end":{"line":24,"column":null}},"9":{"start":{"line":26,"column":4},"end":{"line":26,"column":null}},"10":{"start":{"line":34,"column":2},"end":{"line":34,"column":null}},"11":{"start":{"line":34,"column":19},"end":{"line":34,"column":null}},"12":{"start":{"line":36,"column":12},"end":{"line":36,"column":null}},"13":{"start":{"line":37,"column":16},"end":{"line":37,"column":null}},"14":{"start":{"line":38,"column":12},"end":{"line":38,"column":null}},"15":{"start":{"line":40,"column":2},"end":{"line":40,"column":null}},"16":{"start":{"line":47,"column":16},"end":{"line":47,"column":null}},"17":{"start":{"line":48,"column":15},"end":{"line":48,"column":null}},"18":{"start":{"line":49,"column":15},"end":{"line":49,"column":null}},"19":{"start":{"line":50,"column":24},"end":{"line":50,"column":null}},"20":{"start":{"line":52,"column":2},"end":{"line":52,"column":null}},"21":{"start":{"line":59,"column":2},"end":{"line":59,"column":null}},"22":{"start":{"line":59,"column":32},"end":{"line":59,"column":55}},"23":{"start":{"line":66,"column":2},"end":{"line":71,"column":null}},"24":{"start":{"line":67,"column":4},"end":{"line":69,"column":null}},"25":{"start":{"line":68,"column":6},"end":{"line":68,"column":null}},"26":{"start":{"line":70,"column":4},"end":{"line":70,"column":null}},"27":{"start":{"line":73,"column":14},"end":{"line":73,"column":null}},"28":{"start":{"line":74,"column":2},"end":{"line":76,"column":null}},"29":{"start":{"line":75,"column":4},"end":{"line":75,"column":null}},"30":{"start":{"line":78,"column":2},"end":{"line":78,"column":null}}},"fnMap":{"0":{"name":"validateFile","decl":{"start":{"line":7,"column":16},"end":{"line":7,"column":29}},"loc":{"start":{"line":7,"column":106},"end":{"line":28,"column":null}},"line":7},"1":{"name":"formatBytes","decl":{"start":{"line":33,"column":16},"end":{"line":33,"column":28}},"loc":{"start":{"line":33,"column":51},"end":{"line":41,"column":null}},"line":33},"2":{"name":"getFileInfo","decl":{"start":{"line":46,"column":16},"end":{"line":46,"column":28}},"loc":{"start":{"line":46,"column":101},"end":{"line":53,"column":null}},"line":46},"3":{"name":"sleep","decl":{"start":{"line":58,"column":16},"end":{"line":58,"column":22}},"loc":{"start":{"line":58,"column":49},"end":{"line":60,"column":null}},"line":58},"4":{"name":"(anonymous_4)","decl":{"start":{"line":59,"column":21},"end":{"line":59,"column":32}},"loc":{"start":{"line":59,"column":32},"end":{"line":59,"column":55}},"line":59},"5":{"name":"parseExpiration","decl":{"start":{"line":65,"column":16},"end":{"line":65,"column":32}},"loc":{"start":{"line":65,"column":65},"end":{"line":79,"column":null}},"line":65}},"branchMap":{"0":{"loc":{"start":{"line":11,"column":4},"end":{"line":13,"column":null}},"type":"if","locations":[{"start":{"line":11,"column":4},"end":{"line":13,"column":null}},{"start":{},"end":{}}],"line":11},"1":{"loc":{"start":{"line":17,"column":4},"end":{"line":19,"column":null}},"type":"if","locations":[{"start":{"line":17,"column":4},"end":{"line":19,"column":null}},{"start":{},"end":{}}],"line":17},"2":{"loc":{"start":{"line":34,"column":2},"end":{"line":34,"column":null}},"type":"if","locations":[{"start":{"line":34,"column":2},"end":{"line":34,"column":null}},{"start":{},"end":{}}],"line":34},"3":{"loc":{"start":{"line":66,"column":2},"end":{"line":71,"column":null}},"type":"if","locations":[{"start":{"line":66,"column":2},"end":{"line":71,"column":null}},{"start":{},"end":{}}],"line":66},"4":{"loc":{"start":{"line":67,"column":4},"end":{"line":69,"column":null}},"type":"if","locations":[{"start":{"line":67,"column":4},"end":{"line":69,"column":null}},{"start":{},"end":{}}],"line":67},"5":{"loc":{"start":{"line":67,"column":8},"end":{"line":67,"column":38}},"type":"binary-expr","locations":[{"start":{"line":67,"column":8},"end":{"line":67,"column":25}},{"start":{"line":67,"column":25},"end":{"line":67,"column":38}}],"line":67},"6":{"loc":{"start":{"line":74,"column":2},"end":{"line":76,"column":null}},"type":"if","locations":[{"start":{"line":74,"column":2},"end":{"line":76,"column":null}},{"start":{},"end":{}}],"line":74},"7":{"loc":{"start":{"line":74,"column":6},"end":{"line":74,"column":30}},"type":"binary-expr","locations":[{"start":{"line":74,"column":6},"end":{"line":74,"column":20}},{"start":{"line":74,"column":20},"end":{"line":74,"column":30}}],"line":74}},"s":{"0":7,"1":7,"2":7,"3":3,"4":4,"5":4,"6":2,"7":2,"8":2,"9":0,"10":44,"11":1,"12":43,"13":43,"14":43,"15":43,"16":34,"17":34,"18":34,"19":34,"20":34,"21":3,"22":3,"23":22,"24":9,"25":4,"26":5,"27":13,"28":13,"29":7,"30":6},"f":{"0":7,"1":44,"2":34,"3":3,"4":3,"5":22},"b":{"0":[3,4],"1":[2,2],"2":[1,43],"3":[9,13],"4":[4,5],"5":[9,9],"6":[7,6],"7":[13,10]},"meta":{"lastBranch":8,"lastFunction":6,"lastStatement":31,"seen":{"f:7:16:7:29":0,"s:8:2:27:Infinity":0,"s:9:25:9:Infinity":1,"b:11:4:13:Infinity:undefined:undefined:undefined:undefined":0,"s:11:4:13:Infinity":2,"s:12:6:12:Infinity":3,"s:15:18:15:Infinity":4,"b:17:4:19:Infinity:undefined:undefined:undefined:undefined":1,"s:17:4:19:Infinity":5,"s:18:6:18:Infinity":6,"s:22:4:22:Infinity":7,"s:24:4:24:Infinity":8,"s:26:4:26:Infinity":9,"f:33:16:33:28":1,"b:34:2:34:Infinity:undefined:undefined:undefined:undefined":2,"s:34:2:34:Infinity":10,"s:34:19:34:Infinity":11,"s:36:12:36:Infinity":12,"s:37:16:37:Infinity":13,"s:38:12:38:Infinity":14,"s:40:2:40:Infinity":15,"f:46:16:46:28":2,"s:47:16:47:Infinity":16,"s:48:15:48:Infinity":17,"s:49:15:49:Infinity":18,"s:50:24:50:Infinity":19,"s:52:2:52:Infinity":20,"f:58:16:58:22":3,"s:59:2:59:Infinity":21,"f:59:21:59:32":4,"s:59:32:59:55":22,"f:65:16:65:32":5,"b:66:2:71:Infinity:undefined:undefined:undefined:undefined":3,"s:66:2:71:Infinity":23,"b:67:4:69:Infinity:undefined:undefined:undefined:undefined":4,"s:67:4:69:Infinity":24,"b:67:8:67:25:67:25:67:38":5,"s:68:6:68:Infinity":25,"s:70:4:70:Infinity":26,"s:73:14:73:Infinity":27,"b:74:2:76:Infinity:undefined:undefined:undefined:undefined":6,"s:74:2:76:Infinity":28,"b:74:6:74:20:74:20:74:30":7,"s:75:4:75:Infinity":29,"s:78:2:78:Infinity":30}}}
}
